{"C:\\projeto\\jest\\jest-test\\src\\App.tsx": {"path":"C:\\projeto\\jest\\jest-test\\src\\App.tsx","all":false,"statementMap":{"0":{"start":{"line":1,"column":0},"end":{"line":1,"column":37}},"1":{"start":{"line":2,"column":0},"end":{"line":2,"column":0}},"2":{"start":{"line":3,"column":0},"end":{"line":3,"column":31}},"3":{"start":{"line":4,"column":0},"end":{"line":4,"column":76}},"4":{"start":{"line":5,"column":0},"end":{"line":5,"column":1}}},"s":{"0":1,"1":1,"2":1,"3":3,"4":3},"branchMap":{"0":{"type":"branch","line":3,"loc":{"start":{"line":3,"column":24},"end":{"line":3,"column":27}},"locations":[{"start":{"line":3,"column":24},"end":{"line":3,"column":27}}]},"1":{"type":"branch","line":3,"loc":{"start":{"line":3,"column":15},"end":{"line":5,"column":1}},"locations":[{"start":{"line":3,"column":15},"end":{"line":5,"column":1}}]}},"b":{"0":[3],"1":[3]},"fnMap":{"0":{"name":"get","decl":{"start":{"line":3,"column":24},"end":{"line":3,"column":27}},"loc":{"start":{"line":3,"column":24},"end":{"line":3,"column":27}},"line":3},"1":{"name":"app","decl":{"start":{"line":3,"column":15},"end":{"line":5,"column":1}},"loc":{"start":{"line":3,"column":15},"end":{"line":5,"column":1}},"line":3}},"f":{"0":3,"1":3}}
,"C:\\projeto\\jest\\jest-test\\src\\components\\List.tsx": {"path":"C:\\projeto\\jest\\jest-test\\src\\components\\List.tsx","all":false,"statementMap":{"0":{"start":{"line":1,"column":0},"end":{"line":1,"column":33}},"1":{"start":{"line":2,"column":0},"end":{"line":2,"column":0}},"2":{"start":{"line":3,"column":0},"end":{"line":3,"column":18}},"3":{"start":{"line":4,"column":0},"end":{"line":4,"column":24}},"4":{"start":{"line":5,"column":0},"end":{"line":5,"column":1}},"5":{"start":{"line":6,"column":0},"end":{"line":6,"column":0}},"6":{"start":{"line":7,"column":0},"end":{"line":7,"column":43}},"7":{"start":{"line":8,"column":0},"end":{"line":8,"column":45}},"8":{"start":{"line":9,"column":0},"end":{"line":9,"column":79}},"9":{"start":{"line":10,"column":0},"end":{"line":10,"column":0}},"10":{"start":{"line":11,"column":0},"end":{"line":11,"column":24}},"11":{"start":{"line":12,"column":0},"end":{"line":12,"column":22}},"12":{"start":{"line":13,"column":0},"end":{"line":13,"column":46}},"13":{"start":{"line":14,"column":0},"end":{"line":14,"column":12}},"14":{"start":{"line":15,"column":0},"end":{"line":15,"column":3}},"15":{"start":{"line":16,"column":0},"end":{"line":16,"column":0}},"16":{"start":{"line":17,"column":0},"end":{"line":17,"column":41}},"17":{"start":{"line":18,"column":0},"end":{"line":18,"column":22}},"18":{"start":{"line":19,"column":0},"end":{"line":19,"column":64}},"19":{"start":{"line":20,"column":0},"end":{"line":20,"column":12}},"20":{"start":{"line":21,"column":0},"end":{"line":21,"column":3}},"21":{"start":{"line":22,"column":0},"end":{"line":22,"column":0}},"22":{"start":{"line":23,"column":0},"end":{"line":23,"column":10}},"23":{"start":{"line":24,"column":0},"end":{"line":24,"column":6}},"24":{"start":{"line":25,"column":0},"end":{"line":25,"column":12}},"25":{"start":{"line":26,"column":0},"end":{"line":26,"column":23}},"26":{"start":{"line":27,"column":0},"end":{"line":27,"column":52}},"27":{"start":{"line":28,"column":0},"end":{"line":28,"column":19}},"28":{"start":{"line":29,"column":0},"end":{"line":29,"column":50}},"29":{"start":{"line":30,"column":0},"end":{"line":30,"column":8}},"30":{"start":{"line":31,"column":0},"end":{"line":31,"column":52}},"31":{"start":{"line":32,"column":0},"end":{"line":32,"column":10}},"32":{"start":{"line":33,"column":0},"end":{"line":33,"column":29}},"33":{"start":{"line":34,"column":0},"end":{"line":34,"column":25}},"34":{"start":{"line":35,"column":0},"end":{"line":35,"column":18}},"35":{"start":{"line":36,"column":0},"end":{"line":36,"column":73}},"36":{"start":{"line":37,"column":0},"end":{"line":37,"column":15}},"37":{"start":{"line":38,"column":0},"end":{"line":38,"column":11}},"38":{"start":{"line":39,"column":0},"end":{"line":39,"column":11}},"39":{"start":{"line":40,"column":0},"end":{"line":40,"column":7}},"40":{"start":{"line":41,"column":0},"end":{"line":41,"column":4}},"41":{"start":{"line":42,"column":0},"end":{"line":42,"column":1}},"42":{"start":{"line":43,"column":0},"end":{"line":43,"column":0}},"43":{"start":{"line":44,"column":0},"end":{"line":44,"column":20}}},"s":{"0":1,"1":1,"2":1,"3":1,"4":1,"5":1,"6":11,"7":11,"8":11,"9":11,"10":11,"11":2,"12":2,"13":2,"14":2,"15":11,"16":11,"17":2,"18":2,"19":2,"20":2,"21":11,"22":11,"23":11,"24":11,"25":11,"26":11,"27":11,"28":11,"29":11,"30":11,"31":11,"32":11,"33":38,"34":11,"35":11,"36":11,"37":11,"38":11,"39":11,"40":11,"41":11,"42":1,"43":1},"branchMap":{"0":{"type":"branch","line":44,"loc":{"start":{"line":44,"column":0},"end":{"line":44,"column":15}},"locations":[{"start":{"line":44,"column":0},"end":{"line":44,"column":15}}]},"1":{"type":"branch","line":7,"loc":{"start":{"line":7,"column":0},"end":{"line":42,"column":1}},"locations":[{"start":{"line":7,"column":0},"end":{"line":42,"column":1}}]},"2":{"type":"branch","line":11,"loc":{"start":{"line":11,"column":2},"end":{"line":15,"column":3}},"locations":[{"start":{"line":11,"column":2},"end":{"line":15,"column":3}}]},"3":{"type":"branch","line":12,"loc":{"start":{"line":12,"column":15},"end":{"line":14,"column":7}},"locations":[{"start":{"line":12,"column":15},"end":{"line":14,"column":7}}]},"4":{"type":"branch","line":13,"loc":{"start":{"line":13,"column":14},"end":{"line":13,"column":45}},"locations":[{"start":{"line":13,"column":14},"end":{"line":13,"column":45}}]},"5":{"type":"branch","line":17,"loc":{"start":{"line":17,"column":2},"end":{"line":21,"column":3}},"locations":[{"start":{"line":17,"column":2},"end":{"line":21,"column":3}}]},"6":{"type":"branch","line":18,"loc":{"start":{"line":18,"column":15},"end":{"line":20,"column":7}},"locations":[{"start":{"line":18,"column":15},"end":{"line":20,"column":7}}]},"7":{"type":"branch","line":19,"loc":{"start":{"line":19,"column":14},"end":{"line":19,"column":62}},"locations":[{"start":{"line":19,"column":14},"end":{"line":19,"column":62}}]},"8":{"type":"branch","line":19,"loc":{"start":{"line":19,"column":38},"end":{"line":19,"column":61}},"locations":[{"start":{"line":19,"column":38},"end":{"line":19,"column":61}}]},"9":{"type":"branch","line":27,"loc":{"start":{"line":27,"column":18},"end":{"line":27,"column":51}},"locations":[{"start":{"line":27,"column":18},"end":{"line":27,"column":51}}]},"10":{"type":"branch","line":33,"loc":{"start":{"line":33,"column":18},"end":{"line":34,"column":25}},"locations":[{"start":{"line":33,"column":18},"end":{"line":34,"column":25}}]},"11":{"type":"branch","line":36,"loc":{"start":{"line":36,"column":29},"end":{"line":36,"column":55}},"locations":[{"start":{"line":36,"column":29},"end":{"line":36,"column":55}}]}},"b":{"0":[5],"1":[11],"2":[2],"3":[2],"4":[2],"5":[2],"6":[2],"7":[2],"8":[8],"9":[2],"10":[38],"11":[2]},"fnMap":{"0":{"name":"get","decl":{"start":{"line":44,"column":0},"end":{"line":44,"column":15}},"loc":{"start":{"line":44,"column":0},"end":{"line":44,"column":15}},"line":44},"1":{"name":"List","decl":{"start":{"line":7,"column":0},"end":{"line":42,"column":1}},"loc":{"start":{"line":7,"column":0},"end":{"line":42,"column":1}},"line":7},"2":{"name":"addToList","decl":{"start":{"line":11,"column":2},"end":{"line":15,"column":3}},"loc":{"start":{"line":11,"column":2},"end":{"line":15,"column":3}},"line":11},"3":{"name":"removeFromList","decl":{"start":{"line":17,"column":2},"end":{"line":21,"column":3}},"loc":{"start":{"line":17,"column":2},"end":{"line":21,"column":3}},"line":17},"4":{"name":"onChange","decl":{"start":{"line":27,"column":18},"end":{"line":27,"column":51}},"loc":{"start":{"line":27,"column":18},"end":{"line":27,"column":51}},"line":27},"5":{"name":"onClick","decl":{"start":{"line":36,"column":29},"end":{"line":36,"column":55}},"loc":{"start":{"line":36,"column":29},"end":{"line":36,"column":55}},"line":36}},"f":{"0":5,"1":11,"2":2,"3":2,"4":2,"5":2}}
}
