TN:
SF:src\App.tsx
FN:3,get
FN:3,app
FNF:2
FNH:2
FNDA:3,get
FNDA:3,app
DA:1,1
DA:2,1
DA:3,1
DA:4,3
DA:5,3
LF:5
LH:5
BRDA:3,0,0,3
BRDA:3,1,0,3
BRF:2
BRH:2
end_of_record
TN:
SF:src\components\List.tsx
FN:44,get
FN:7,List
FN:11,addToList
FN:17,removeFromList
FN:27,onChange
FN:36,onClick
FNF:6
FNH:6
FNDA:5,get
FNDA:11,List
FNDA:2,addToList
FNDA:2,removeFromList
FNDA:2,onChange
FNDA:2,onClick
DA:1,1
DA:2,1
DA:3,1
DA:4,1
DA:5,1
DA:6,1
DA:7,11
DA:8,11
DA:9,11
DA:10,11
DA:11,11
DA:12,2
DA:13,2
DA:14,2
DA:15,2
DA:16,11
DA:17,11
DA:18,2
DA:19,2
DA:20,2
DA:21,2
DA:22,11
DA:23,11
DA:24,11
DA:25,11
DA:26,11
DA:27,11
DA:28,11
DA:29,11
DA:30,11
DA:31,11
DA:32,11
DA:33,11
DA:34,38
DA:35,11
DA:36,11
DA:37,11
DA:38,11
DA:39,11
DA:40,11
DA:41,11
DA:42,11
DA:43,1
DA:44,1
LF:44
LH:44
BRDA:44,0,0,5
BRDA:7,1,0,11
BRDA:11,2,0,2
BRDA:12,3,0,2
BRDA:13,4,0,2
BRDA:17,5,0,2
BRDA:18,6,0,2
BRDA:19,7,0,2
BRDA:19,8,0,8
BRDA:27,9,0,2
BRDA:33,10,0,38
BRDA:36,11,0,2
BRF:12
BRH:12
end_of_record
